<?xml version="1.0" encoding="UTF-8"?>
<testsuite xmlns:xsi="http://www.w3.org/2001/XMLSchema-instance" xsi:noNamespaceSchemaLocation="https://maven.apache.org/surefire/maven-surefire-plugin/xsd/surefire-test-report-3.0.xsd" version="3.0" name="ParametrizedLionTests" time="0.008" tests="2" errors="0" skipped="0" failures="0">
  <properties>
[...]
</properties>
  <testcase name="shouldReturnLion[0]" classname="ParametrizedLionTests" time="0.003">
    <system-out><![CDATA[parameters Самец
]]></system-out>
  </testcase>
  <testcase name="shouldReturnLion[1]" classname="ParametrizedLionTests" time="0.0">
    <system-out><![CDATA[parameters Самка
]]></system-out>
  </testcase>
</testsuite>